<?xml version="1.0" encoding="UTF-8"?>
<!-- Generated by org.testng.reporters.JUnitXMLReporter -->
<testsuite ignored="0" hostname="DESKTOP-1B4INUD" failures="0" tests="5" name="End To End Flight Booking Test" time="79.374" errors="0" timestamp="2026-06-13T12:41:18 IST">
  <testcase classname="testcases.LoginTest" name="validateBrokenPortalGateways" time="10.774"/>
  <testcase classname="testcases.BlazeDemoTest" name="step2_searchFlights" time="3.212"/>
  <testcase classname="testcases.BlazeDemoTest" name="step3_validateAndSelectFlight" time="0.842"/>
  <testcase classname="testcases.BlazeDemoTest" name="step4_fillPassengerFormAndBook" time="3.585"/>
  <testcase classname="testcases.BlazeDemoTest" name="step5_validateConfirmationReceipt" time="34.352"/>
</testsuite> <!-- End To End Flight Booking Test -->
