<?xml version="1.0" encoding="UTF-8"?>
<!-- Generated by org.testng.reporters.JUnitReportReporter -->
<testsuite hostname="DESKTOP-1B4INUD" failures="0" tests="4" name="testcases.BlazeDemoTest" time="41.991" errors="0" timestamp="2026-06-13T12:41:18 IST" skipped="0">
  <testcase classname="testcases.BlazeDemoTest" name="step2_searchFlights" time="3.212"/>
  <testcase classname="testcases.BlazeDemoTest" name="step3_validateAndSelectFlight" time="0.842"/>
  <testcase classname="testcases.BlazeDemoTest" name="step4_fillPassengerFormAndBook" time="3.585"/>
  <testcase classname="testcases.BlazeDemoTest" name="step5_validateConfirmationReceipt" time="34.352"/>
</testsuite> <!-- testcases.BlazeDemoTest -->
