<?xml version="1.0" encoding="UTF-8"?>
<testsuite xmlns:xsi="http://www.w3.org/2001/XMLSchema-instance" xsi:noNamespaceSchemaLocation="https://maven.apache.org/surefire/maven-surefire-plugin/xsd/surefire-test-report.xsd" version="3.0.2" name="TestSuite" time="85.453" tests="5" errors="0" skipped="0" failures="0">
  <properties>
[...]
</properties>
  <testcase name="validateBrokenPortalGateways" classname="testcases.LoginTest" time="10.81">
    <system-out><![CDATA[2026-06-13 12:39:58 [main] INFO  base.BaseTest - Initializing browser automation setup.
2026-06-13 12:39:58 [main] INFO  base.BaseTest - Target browser selected from configuration: chrome
2026-06-13 12:39:58 [main] INFO  base.BaseTest - System environment variable missing: Local Eclipse Sandbox. Launching visible GUI Chrome browser.
2026-06-13 12:40:15 [main] INFO  base.BaseTest - Browser instance initialized successfully with implicit wait of 10 seconds.
Starting Test Execution: validateBrokenPortalGateways
2026-06-13 12:40:15 [main] INFO  base.BaseTest - Starting Portal Security Regression Sweep (Once).
2026-06-13 12:40:15 [main] INFO  base.BaseTest - Navigating session directly to application index: https://blazedemo.com/index.php
2026-06-13 12:40:21 [main] INFO  base.BaseTest - Injecting hardcoded registration placeholders.
2026-06-13 12:40:23 [main] INFO  base.BaseTest - Triggering manual checkpoint screenshot: Registration_419_Error_Page
Screenshot captured successfully: screenshots/Registration_419_Error_Page_20260613_124023.png
2026-06-13 12:40:23 [main] INFO  base.BaseTest - Registration 419 Page Verified Successfully.
2026-06-13 12:40:24 [main] INFO  base.BaseTest - Injecting hardcoded login placeholders.
2026-06-13 12:40:25 [main] INFO  base.BaseTest - Triggering manual checkpoint screenshot: Login_419_Error_Page
Screenshot captured successfully: screenshots/Login_419_Error_Page_20260613_124025.png
2026-06-13 12:40:25 [main] INFO  base.BaseTest - Login 419 Page Verified Successfully.
2026-06-13 12:40:25 [main] INFO  base.BaseTest - Portal Sweep Complete. Session safely anchored on root landing grid.
TEST PASSED: validateBrokenPortalGateways
]]></system-out>
    <system-err><![CDATA[SLF4J: Failed to load class "org.slf4j.impl.StaticLoggerBinder".
SLF4J: Defaulting to no-operation (NOP) logger implementation
SLF4J: See http://www.slf4j.org/codes.html#StaticLoggerBinder for further details.
Jun 13, 2026 12:40:14 PM org.openqa.selenium.devtools.CdpVersionFinder findNearestMatch
WARNING: Unable to find CDP implementation matching 149
Jun 13, 2026 12:40:14 PM org.openqa.selenium.chromium.ChromiumDriver lambda$new$5
WARNING: Unable to find version of CDP to use for 149.0.7827.103. You may need to include a dependency on a specific version of the CDP using something similar to `org.seleniumhq.selenium:selenium-devtools-v86:4.20.0` where the version ("v86") matches the version of the chromium-based browser you're using and the version number of the artifact is the same as Selenium's.
]]></system-err>
  </testcase>
  <testcase name="step2_searchFlights" classname="testcases.BlazeDemoTest" time="3.214">
    <system-out><![CDATA[2026-06-13 12:40:27 [main] INFO  base.BaseTest - Browser instance terminated cleanly.
2026-06-13 12:40:27 [main] INFO  base.BaseTest - Initializing browser automation setup.
2026-06-13 12:40:27 [main] INFO  base.BaseTest - Target browser selected from configuration: chrome
2026-06-13 12:40:27 [main] INFO  base.BaseTest - System environment variable missing: Local Eclipse Sandbox. Launching visible GUI Chrome browser.
2026-06-13 12:40:31 [main] INFO  base.BaseTest - Browser instance initialized successfully with implicit wait of 10 seconds.
2026-06-13 12:40:31 [main] INFO  base.BaseTest - 📊 Initializing Data Provider Streams for Flight Regression Suite.
Starting Test Execution: step2_searchFlights
2026-06-13 12:40:34 [main] INFO  base.BaseTest - Selecting Route -> Paris to London
TEST PASSED: step2_searchFlights
]]></system-out>
    <system-err><![CDATA[Jun 13, 2026 12:40:31 PM org.openqa.selenium.devtools.CdpVersionFinder findNearestMatch
WARNING: Unable to find CDP implementation matching 149
Jun 13, 2026 12:40:31 PM org.openqa.selenium.chromium.ChromiumDriver lambda$new$5
WARNING: Unable to find version of CDP to use for 149.0.7827.103. You may need to include a dependency on a specific version of the CDP using something similar to `org.seleniumhq.selenium:selenium-devtools-v86:4.20.0` where the version ("v86") matches the version of the chromium-based browser you're using and the version number of the artifact is the same as Selenium's.
]]></system-err>
  </testcase>
  <testcase name="step3_validateAndSelectFlight" classname="testcases.BlazeDemoTest" time="0.844">
    <system-out><![CDATA[Starting Test Execution: step3_validateAndSelectFlight
2026-06-13 12:40:37 [main] INFO  base.BaseTest - Verifying flight grid selection tables.
TEST PASSED: step3_validateAndSelectFlight
]]></system-out>
  </testcase>
  <testcase name="step4_fillPassengerFormAndBook" classname="testcases.BlazeDemoTest" time="3.588">
    <system-out><![CDATA[Starting Test Execution: step4_fillPassengerFormAndBook
2026-06-13 12:40:38 [main] INFO  base.BaseTest - Injecting passenger details for: John##Doe!!
2026-06-13 12:40:40 [main] INFO  base.BaseTest - Triggering manual checkpoint screenshot: FormInputCheckpoint_Passenger_JohnDoe
Screenshot captured successfully: screenshots/FormInputCheckpoint_Passenger_JohnDoe_20260613_124040.png
TEST PASSED: step4_fillPassengerFormAndBook
]]></system-out>
  </testcase>
  <testcase name="step5_validateConfirmationReceipt" classname="testcases.BlazeDemoTest" time="34.356">
    <system-out><![CDATA[Starting Test Execution: step5_validateConfirmationReceipt
2026-06-13 12:40:41 [main] INFO  base.BaseTest - Asserting completion receipts for passenger: John##Doe!!
2026-06-13 12:40:41 [main] INFO  base.BaseTest - Triggering manual checkpoint screenshot: FinalBookingConfirmationReceipt_JohnDoe
Screenshot captured successfully: screenshots/FinalBookingConfirmationReceipt_JohnDoe_20260613_124041.png
2026-06-13 12:40:42 [main] INFO  base.BaseTest - Row 1 complete. Resetting for next dataset.
2026-06-13 12:40:42 [main] INFO  base.BaseTest - Selecting Route -> Portland to Rome
2026-06-13 12:40:43 [main] INFO  base.BaseTest - Verifying flight grid selection tables.
2026-06-13 12:40:44 [main] INFO  base.BaseTest - Injecting passenger details for: Amit_Sharma_$$
2026-06-13 12:40:56 [main] WARN  pages.PurchasePage - Card type 'Mastercard' not found. Defaulting to 'Visa'.
2026-06-13 12:40:57 [main] INFO  base.BaseTest - Triggering manual checkpoint screenshot: FormInputCheckpoint_Passenger_AmitSharma
Screenshot captured successfully: screenshots/FormInputCheckpoint_Passenger_AmitSharma_20260613_124057.png
2026-06-13 12:40:58 [main] INFO  base.BaseTest - Asserting completion receipts for passenger: Amit_Sharma_$$
2026-06-13 12:40:58 [main] INFO  base.BaseTest - Triggering manual checkpoint screenshot: FinalBookingConfirmationReceipt_AmitSharma
Screenshot captured successfully: screenshots/FinalBookingConfirmationReceipt_AmitSharma_20260613_124058.png
2026-06-13 12:40:58 [main] INFO  base.BaseTest - Row 2 complete. Resetting for next dataset.
2026-06-13 12:40:58 [main] INFO  base.BaseTest - Selecting Route -> Boston to Berlin
2026-06-13 12:41:00 [main] INFO  base.BaseTest - Verifying flight grid selection tables.
2026-06-13 12:41:02 [main] INFO  base.BaseTest - Injecting passenger details for: <Admin>
2026-06-13 12:41:13 [main] WARN  pages.PurchasePage - Card type 'American Express' not found. Defaulting to 'Visa'.
2026-06-13 12:41:14 [main] INFO  base.BaseTest - Triggering manual checkpoint screenshot: FormInputCheckpoint_Passenger_Admin
Screenshot captured successfully: screenshots/FormInputCheckpoint_Passenger_Admin_20260613_124114.png
2026-06-13 12:41:15 [main] INFO  base.BaseTest - Asserting completion receipts for passenger: <Admin>
2026-06-13 12:41:15 [main] INFO  base.BaseTest - Triggering manual checkpoint screenshot: FinalBookingConfirmationReceipt_Admin
Screenshot captured successfully: screenshots/FinalBookingConfirmationReceipt_Admin_20260613_124115.png
2026-06-13 12:41:16 [main] INFO  base.BaseTest - Success: All rows processed.
TEST PASSED: step5_validateConfirmationReceipt
]]></system-out>
  </testcase>
</testsuite>